2016-11-21 20:36:31 DEBUG DebugLog:35 - First Name: ANDREY
2016-11-21 20:36:31 DEBUG DebugLog:35 - Last Name:  AVGUSTIS
2016-11-21 20:36:31 DEBUG DebugLog:35 - First Name: NICK
2016-11-21 20:36:31 DEBUG DebugLog:35 - Last Name:  WAHLBERG
2016-11-21 20:36:31 DEBUG DebugLog:35 - First Name: ED
2016-11-21 20:36:31 DEBUG DebugLog:35 - Last Name:  CHASE
2016-11-21 20:36:31 DEBUG DebugLog:35 - First Name: JENNIFER
2016-11-21 20:36:31 DEBUG DebugLog:35 - Last Name:  DAVIS
2016-11-21 20:36:31 DEBUG DebugLog:35 - First Name: JOHNNY
2016-11-21 20:36:31 DEBUG DebugLog:35 - Last Name:  LOLLOBRIGIDA
2016-11-21 20:36:31 DEBUG DebugLog:35 - First Name: BETTE
2016-11-21 20:36:31 DEBUG DebugLog:35 - Last Name:  NICHOLSON
2016-11-21 20:36:31 DEBUG DebugLog:35 - First Name: GRACE
2016-11-21 20:36:31 DEBUG DebugLog:35 - Last Name:  MOSTEL
2016-11-21 20:36:31 DEBUG DebugLog:35 - First Name: MATTHEW
2016-11-21 20:36:31 DEBUG DebugLog:35 - Last Name:  JOHANSSON
2016-11-21 20:36:31 DEBUG DebugLog:35 - First Name: JOE
2016-11-21 20:36:31 DEBUG DebugLog:35 - Last Name:  SWANK
2016-11-21 20:36:31 DEBUG DebugLog:35 - First Name: CHRISTIAN
2016-11-21 20:36:31 DEBUG DebugLog:35 - Last Name:  GABLE
2016-11-21 20:36:31 DEBUG DebugLog:35 - First Name: ZERO
2016-11-21 20:36:31 DEBUG DebugLog:35 - Last Name:  CAGE
2016-11-21 20:36:31 DEBUG DebugLog:35 - First Name: KARL
2016-11-21 20:36:31 DEBUG DebugLog:35 - Last Name:  BERRY
2016-11-21 20:36:31 DEBUG DebugLog:35 - First Name: UMA
2016-11-21 20:36:31 DEBUG DebugLog:35 - Last Name:  WOOD
2016-11-21 20:36:31 DEBUG DebugLog:35 - First Name: VIVIEN
2016-11-21 20:36:31 DEBUG DebugLog:35 - Last Name:  BERGEN
2016-11-21 20:36:31 DEBUG DebugLog:35 - First Name: CUBA
2016-11-21 20:36:31 DEBUG DebugLog:35 - Last Name:  OLIVIER
2016-11-21 20:36:31 DEBUG DebugLog:35 - First Name: FRED
2016-11-21 20:36:31 DEBUG DebugLog:35 - Last Name:  COSTNER
2016-11-21 20:36:31 DEBUG DebugLog:35 - First Name: HELEN
2016-11-21 20:36:31 DEBUG DebugLog:35 - Last Name:  VOIGHT
2016-11-21 20:36:31 DEBUG DebugLog:35 - First Name: DAN
2016-11-21 20:36:31 DEBUG DebugLog:35 - Last Name:  TORN
2016-11-21 20:36:31 DEBUG DebugLog:35 - First Name: BOB
2016-11-21 20:36:31 DEBUG DebugLog:35 - Last Name:  FAWCETT
2016-11-21 20:36:31 DEBUG DebugLog:35 - First Name: LUCILLE
2016-11-21 20:36:31 DEBUG DebugLog:35 - Last Name:  TRACY
2016-11-21 20:36:31 DEBUG DebugLog:35 - First Name: KIRSTEN
2016-11-21 20:36:31 DEBUG DebugLog:35 - Last Name:  PALTROW
2016-11-21 20:36:31 DEBUG DebugLog:35 - First Name: ELVIS
2016-11-21 20:36:31 DEBUG DebugLog:35 - Last Name:  MARX
2016-11-21 20:36:31 DEBUG DebugLog:35 - First Name: SANDRA
2016-11-21 20:36:31 DEBUG DebugLog:35 - Last Name:  KILMER
2016-11-21 20:36:31 DEBUG DebugLog:35 - First Name: CAMERON
2016-11-21 20:36:31 DEBUG DebugLog:35 - Last Name:  STREEP
2016-11-21 20:36:31 DEBUG DebugLog:35 - First Name: KEVIN
2016-11-21 20:36:31 DEBUG DebugLog:35 - Last Name:  BLOOM
2016-11-21 20:36:31 DEBUG DebugLog:35 - First Name: RIP
2016-11-21 20:36:31 DEBUG DebugLog:35 - Last Name:  CRAWFORD
2016-11-21 20:36:31 DEBUG DebugLog:35 - First Name: JULIA
2016-11-21 20:36:31 DEBUG DebugLog:35 - Last Name:  MCQUEEN
2016-11-21 20:36:31 DEBUG DebugLog:35 - First Name: WOODY
2016-11-21 20:36:31 DEBUG DebugLog:35 - Last Name:  HOFFMAN
2016-11-21 20:36:31 DEBUG DebugLog:35 - First Name: ALEC
2016-11-21 20:36:31 DEBUG DebugLog:35 - Last Name:  WAYNE
2016-11-21 20:36:31 DEBUG DebugLog:35 - First Name: SANDRA
2016-11-21 20:36:31 DEBUG DebugLog:35 - Last Name:  PECK
2016-11-21 20:36:31 DEBUG DebugLog:35 - First Name: SISSY
2016-11-21 20:36:31 DEBUG DebugLog:35 - Last Name:  SOBIESKI
2016-11-21 20:36:31 DEBUG DebugLog:35 - First Name: TIM
2016-11-21 20:36:31 DEBUG DebugLog:35 - Last Name:  HACKMAN
2016-11-21 20:36:31 DEBUG DebugLog:35 - First Name: MILLA
2016-11-21 20:36:31 DEBUG DebugLog:35 - Last Name:  PECK
2016-11-21 20:36:31 DEBUG DebugLog:35 - First Name: AUDREY
2016-11-21 20:36:31 DEBUG DebugLog:35 - Last Name:  OLIVIER
2016-11-21 20:36:31 DEBUG DebugLog:35 - First Name: JUDY
2016-11-21 20:36:31 DEBUG DebugLog:35 - Last Name:  DEAN
2016-11-21 20:36:31 DEBUG DebugLog:35 - First Name: BURT
2016-11-21 20:36:31 DEBUG DebugLog:35 - Last Name:  DUKAKIS
2016-11-21 20:36:31 DEBUG DebugLog:35 - First Name: VAL
2016-11-21 20:36:31 DEBUG DebugLog:35 - Last Name:  BOLGER
2016-11-21 20:36:31 DEBUG DebugLog:35 - First Name: TOM
2016-11-21 20:36:31 DEBUG DebugLog:35 - Last Name:  MCKELLEN
2016-11-21 20:36:31 DEBUG DebugLog:35 - First Name: GOLDIE
2016-11-21 20:36:31 DEBUG DebugLog:35 - Last Name:  BRODY
2016-11-21 20:36:31 DEBUG DebugLog:35 - First Name: JOHNNY
2016-11-21 20:36:31 DEBUG DebugLog:35 - Last Name:  CAGE
2016-11-21 20:36:31 DEBUG DebugLog:35 - First Name: JODIE
2016-11-21 20:36:31 DEBUG DebugLog:35 - Last Name:  DEGENERES
2016-11-21 20:36:31 DEBUG DebugLog:35 - First Name: TOM
2016-11-21 20:36:31 DEBUG DebugLog:35 - Last Name:  MIRANDA
2016-11-21 20:36:31 DEBUG DebugLog:35 - First Name: KIRK
2016-11-21 20:36:31 DEBUG DebugLog:35 - Last Name:  JOVOVICH
2016-11-21 20:36:31 DEBUG DebugLog:35 - First Name: NICK
2016-11-21 20:36:31 DEBUG DebugLog:35 - Last Name:  STALLONE
2016-11-21 20:36:31 DEBUG DebugLog:35 - First Name: REESE
2016-11-21 20:36:31 DEBUG DebugLog:35 - Last Name:  KILMER
2016-11-21 20:36:31 DEBUG DebugLog:35 - First Name: PARKER
2016-11-21 20:36:31 DEBUG DebugLog:35 - Last Name:  GOLDBERG
2016-11-21 20:36:31 DEBUG DebugLog:35 - First Name: JULIA
2016-11-21 20:36:31 DEBUG DebugLog:35 - Last Name:  BARRYMORE
2016-11-21 20:36:31 DEBUG DebugLog:35 - First Name: FRANCES
2016-11-21 20:36:31 DEBUG DebugLog:35 - Last Name:  DAY-LEWIS
2016-11-21 20:36:31 DEBUG DebugLog:35 - First Name: ANNE
2016-11-21 20:36:31 DEBUG DebugLog:35 - Last Name:  CRONYN
2016-11-21 20:36:31 DEBUG DebugLog:35 - First Name: NATALIE
2016-11-21 20:36:31 DEBUG DebugLog:35 - Last Name:  HOPKINS
2016-11-21 20:36:31 DEBUG DebugLog:35 - First Name: GARY
2016-11-21 20:36:31 DEBUG DebugLog:35 - Last Name:  PHOENIX
2016-11-21 20:36:31 DEBUG DebugLog:35 - First Name: CARMEN
2016-11-21 20:36:31 DEBUG DebugLog:35 - Last Name:  HUNT
2016-11-21 20:36:31 DEBUG DebugLog:35 - First Name: MENA
2016-11-21 20:36:31 DEBUG DebugLog:35 - Last Name:  TEMPLE
2016-11-21 20:36:31 DEBUG DebugLog:35 - First Name: PENELOPE
2016-11-21 20:36:31 DEBUG DebugLog:35 - Last Name:  PINKETT
2016-11-21 20:36:31 DEBUG DebugLog:35 - First Name: FAY
2016-11-21 20:36:31 DEBUG DebugLog:35 - Last Name:  KILMER
2016-11-21 20:36:31 DEBUG DebugLog:35 - First Name: DAN
2016-11-21 20:36:31 DEBUG DebugLog:35 - Last Name:  HARRIS
2016-11-21 20:36:31 DEBUG DebugLog:35 - First Name: JUDE
2016-11-21 20:36:31 DEBUG DebugLog:35 - Last Name:  CRUISE
2016-11-21 20:36:31 DEBUG DebugLog:35 - First Name: CHRISTIAN
2016-11-21 20:36:31 DEBUG DebugLog:35 - Last Name:  AKROYD
2016-11-21 20:36:31 DEBUG DebugLog:35 - First Name: DUSTIN
2016-11-21 20:36:31 DEBUG DebugLog:35 - Last Name:  TAUTOU
2016-11-21 20:36:31 DEBUG DebugLog:35 - First Name: HENRY
2016-11-21 20:36:31 DEBUG DebugLog:35 - Last Name:  BERRY
2016-11-21 20:36:31 DEBUG DebugLog:35 - First Name: CHRISTIAN
2016-11-21 20:36:31 DEBUG DebugLog:35 - Last Name:  NEESON
2016-11-21 20:36:31 DEBUG DebugLog:35 - First Name: JAYNE
2016-11-21 20:36:31 DEBUG DebugLog:35 - Last Name:  NEESON
2016-11-21 20:36:31 DEBUG DebugLog:35 - First Name: CAMERON
2016-11-21 20:36:31 DEBUG DebugLog:35 - Last Name:  WRAY
2016-11-21 20:36:31 DEBUG DebugLog:35 - First Name: RAY
2016-11-21 20:36:31 DEBUG DebugLog:35 - Last Name:  JOHANSSON
2016-11-21 20:36:31 DEBUG DebugLog:35 - First Name: ANGELA
2016-11-21 20:36:31 DEBUG DebugLog:35 - Last Name:  HUDSON
2016-11-21 20:36:31 DEBUG DebugLog:35 - First Name: MARY
2016-11-21 20:36:31 DEBUG DebugLog:35 - Last Name:  TANDY
2016-11-21 20:36:31 DEBUG DebugLog:35 - First Name: JESSICA
2016-11-21 20:36:31 DEBUG DebugLog:35 - Last Name:  BAILEY
2016-11-21 20:36:31 DEBUG DebugLog:35 - First Name: RIP
2016-11-21 20:36:31 DEBUG DebugLog:35 - Last Name:  WINSLET
2016-11-21 20:36:31 DEBUG DebugLog:35 - First Name: KENNETH
2016-11-21 20:36:31 DEBUG DebugLog:35 - Last Name:  PALTROW
2016-11-21 20:36:31 DEBUG DebugLog:35 - First Name: MICHELLE
2016-11-21 20:36:31 DEBUG DebugLog:35 - Last Name:  MCCONAUGHEY
2016-11-21 20:36:31 DEBUG DebugLog:35 - First Name: ADAM
2016-11-21 20:36:31 DEBUG DebugLog:35 - Last Name:  GRANT
2016-11-21 20:36:31 DEBUG DebugLog:35 - First Name: SEAN
2016-11-21 20:36:31 DEBUG DebugLog:35 - Last Name:  WILLIAMS
2016-11-21 20:36:31 DEBUG DebugLog:35 - First Name: GARY
2016-11-21 20:36:31 DEBUG DebugLog:35 - Last Name:  PENN
2016-11-21 20:36:31 DEBUG DebugLog:35 - First Name: MILLA
2016-11-21 20:36:31 DEBUG DebugLog:35 - Last Name:  KEITEL
2016-11-21 20:36:31 DEBUG DebugLog:35 - First Name: BURT
2016-11-21 20:36:31 DEBUG DebugLog:35 - Last Name:  POSEY
2016-11-21 20:36:31 DEBUG DebugLog:35 - First Name: ANGELINA
2016-11-21 20:36:31 DEBUG DebugLog:35 - Last Name:  ASTAIRE
2016-11-21 20:36:31 DEBUG DebugLog:35 - First Name: CARY
2016-11-21 20:36:31 DEBUG DebugLog:35 - Last Name:  MCCONAUGHEY
2016-11-21 20:36:31 DEBUG DebugLog:35 - First Name: GROUCHO
2016-11-21 20:36:31 DEBUG DebugLog:35 - Last Name:  SINATRA
2016-11-21 20:36:31 DEBUG DebugLog:35 - First Name: MAE
2016-11-21 20:36:31 DEBUG DebugLog:35 - Last Name:  HOFFMAN
2016-11-21 20:36:31 DEBUG DebugLog:35 - First Name: RALPH
2016-11-21 20:36:31 DEBUG DebugLog:35 - Last Name:  CRUZ
2016-11-21 20:36:31 DEBUG DebugLog:35 - First Name: SCARLETT
2016-11-21 20:36:31 DEBUG DebugLog:35 - Last Name:  DAMON
2016-11-21 20:36:31 DEBUG DebugLog:35 - First Name: WOODY
2016-11-21 20:36:31 DEBUG DebugLog:35 - Last Name:  JOLIE
2016-11-21 20:36:31 DEBUG DebugLog:35 - First Name: BEN
2016-11-21 20:36:31 DEBUG DebugLog:35 - Last Name:  WILLIS
2016-11-21 20:36:31 DEBUG DebugLog:35 - First Name: JAMES
2016-11-21 20:36:31 DEBUG DebugLog:35 - Last Name:  PITT
2016-11-21 20:36:31 DEBUG DebugLog:35 - First Name: MINNIE
2016-11-21 20:36:31 DEBUG DebugLog:35 - Last Name:  ZELLWEGER
2016-11-21 20:36:31 DEBUG DebugLog:35 - First Name: GREG
2016-11-21 20:36:31 DEBUG DebugLog:35 - Last Name:  CHAPLIN
2016-11-21 20:36:31 DEBUG DebugLog:35 - First Name: SPENCER
2016-11-21 20:36:31 DEBUG DebugLog:35 - Last Name:  PECK
2016-11-21 20:36:31 DEBUG DebugLog:35 - First Name: KENNETH
2016-11-21 20:36:31 DEBUG DebugLog:35 - Last Name:  PESCI
2016-11-21 20:36:31 DEBUG DebugLog:35 - First Name: CHARLIZE
2016-11-21 20:36:31 DEBUG DebugLog:35 - Last Name:  DENCH
2016-11-21 20:36:31 DEBUG DebugLog:35 - First Name: SEAN
2016-11-21 20:36:31 DEBUG DebugLog:35 - Last Name:  GUINESS
2016-11-21 20:36:31 DEBUG DebugLog:35 - First Name: CHRISTOPHER
2016-11-21 20:36:31 DEBUG DebugLog:35 - Last Name:  BERRY
2016-11-21 20:36:31 DEBUG DebugLog:35 - First Name: KIRSTEN
2016-11-21 20:36:31 DEBUG DebugLog:35 - Last Name:  AKROYD
2016-11-21 20:36:31 DEBUG DebugLog:35 - First Name: ELLEN
2016-11-21 20:36:31 DEBUG DebugLog:35 - Last Name:  PRESLEY
2016-11-21 20:36:31 DEBUG DebugLog:35 - First Name: KENNETH
2016-11-21 20:36:31 DEBUG DebugLog:35 - Last Name:  TORN
2016-11-21 20:36:31 DEBUG DebugLog:35 - First Name: DARYL
2016-11-21 20:36:31 DEBUG DebugLog:35 - Last Name:  WAHLBERG
2016-11-21 20:36:31 DEBUG DebugLog:35 - First Name: GENE
2016-11-21 20:36:31 DEBUG DebugLog:35 - Last Name:  WILLIS
2016-11-21 20:36:31 DEBUG DebugLog:35 - First Name: MEG
2016-11-21 20:36:31 DEBUG DebugLog:35 - Last Name:  HAWKE
2016-11-21 20:36:31 DEBUG DebugLog:35 - First Name: CHRIS
2016-11-21 20:36:31 DEBUG DebugLog:35 - Last Name:  BRIDGES
2016-11-21 20:36:31 DEBUG DebugLog:35 - First Name: JIM
2016-11-21 20:36:31 DEBUG DebugLog:35 - Last Name:  MOSTEL
2016-11-21 20:36:31 DEBUG DebugLog:35 - First Name: SPENCER
2016-11-21 20:36:31 DEBUG DebugLog:35 - Last Name:  DEPP
2016-11-21 20:36:31 DEBUG DebugLog:35 - First Name: SUSAN
2016-11-21 20:36:31 DEBUG DebugLog:35 - Last Name:  DAVIS
2016-11-21 20:36:31 DEBUG DebugLog:35 - First Name: WALTER
2016-11-21 20:36:31 DEBUG DebugLog:35 - Last Name:  TORN
2016-11-21 20:36:31 DEBUG DebugLog:35 - First Name: MATTHEW
2016-11-21 20:36:31 DEBUG DebugLog:35 - Last Name:  LEIGH
2016-11-21 20:36:31 DEBUG DebugLog:35 - First Name: PENELOPE
2016-11-21 20:36:31 DEBUG DebugLog:35 - Last Name:  CRONYN
2016-11-21 20:36:31 DEBUG DebugLog:35 - First Name: SIDNEY
2016-11-21 20:36:31 DEBUG DebugLog:35 - Last Name:  CROWE
2016-11-21 20:36:31 DEBUG DebugLog:35 - First Name: GROUCHO
2016-11-21 20:36:31 DEBUG DebugLog:35 - Last Name:  DUNST
2016-11-21 20:36:31 DEBUG DebugLog:35 - First Name: GINA
2016-11-21 20:36:31 DEBUG DebugLog:35 - Last Name:  DEGENERES
2016-11-21 20:36:31 DEBUG DebugLog:35 - First Name: WARREN
2016-11-21 20:36:31 DEBUG DebugLog:35 - Last Name:  NOLTE
2016-11-21 20:36:31 DEBUG DebugLog:35 - First Name: SYLVESTER
2016-11-21 20:36:31 DEBUG DebugLog:35 - Last Name:  DERN
2016-11-21 20:36:31 DEBUG DebugLog:35 - First Name: SUSAN
2016-11-21 20:36:31 DEBUG DebugLog:35 - Last Name:  DAVIS
2016-11-21 20:36:31 DEBUG DebugLog:35 - First Name: CAMERON
2016-11-21 20:36:31 DEBUG DebugLog:35 - Last Name:  ZELLWEGER
2016-11-21 20:36:31 DEBUG DebugLog:35 - First Name: RUSSELL
2016-11-21 20:36:31 DEBUG DebugLog:35 - Last Name:  BACALL
2016-11-21 20:36:31 DEBUG DebugLog:35 - First Name: MORGAN
2016-11-21 20:36:31 DEBUG DebugLog:35 - Last Name:  HOPKINS
2016-11-21 20:36:31 DEBUG DebugLog:35 - First Name: MORGAN
2016-11-21 20:36:31 DEBUG DebugLog:35 - Last Name:  MCDORMAND
2016-11-21 20:36:31 DEBUG DebugLog:35 - First Name: HARRISON
2016-11-21 20:36:31 DEBUG DebugLog:35 - Last Name:  BALE
2016-11-21 20:36:31 DEBUG DebugLog:35 - First Name: DAN
2016-11-21 20:36:31 DEBUG DebugLog:35 - Last Name:  STREEP
2016-11-21 20:36:31 DEBUG DebugLog:35 - First Name: RENEE
2016-11-21 20:36:31 DEBUG DebugLog:35 - Last Name:  TRACY
2016-11-21 20:36:31 DEBUG DebugLog:35 - First Name: CUBA
2016-11-21 20:36:31 DEBUG DebugLog:35 - Last Name:  ALLEN
2016-11-21 20:36:31 DEBUG DebugLog:35 - First Name: WARREN
2016-11-21 20:36:31 DEBUG DebugLog:35 - Last Name:  JACKMAN
2016-11-21 20:36:31 DEBUG DebugLog:35 - First Name: PENELOPE
2016-11-21 20:36:31 DEBUG DebugLog:35 - Last Name:  MONROE
2016-11-21 20:36:31 DEBUG DebugLog:35 - First Name: LIZA
2016-11-21 20:36:31 DEBUG DebugLog:35 - Last Name:  BERGMAN
2016-11-21 20:36:31 DEBUG DebugLog:35 - First Name: SALMA
2016-11-21 20:36:31 DEBUG DebugLog:35 - Last Name:  NOLTE
2016-11-21 20:36:31 DEBUG DebugLog:35 - First Name: JULIANNE
2016-11-21 20:36:31 DEBUG DebugLog:35 - Last Name:  DENCH
2016-11-21 20:36:31 DEBUG DebugLog:35 - First Name: SCARLETT
2016-11-21 20:36:31 DEBUG DebugLog:35 - Last Name:  BENING
2016-11-21 20:36:31 DEBUG DebugLog:35 - First Name: ALBERT
2016-11-21 20:36:31 DEBUG DebugLog:35 - Last Name:  NOLTE
2016-11-21 20:36:31 DEBUG DebugLog:35 - First Name: FRANCES
2016-11-21 20:36:31 DEBUG DebugLog:35 - Last Name:  TOMEI
2016-11-21 20:36:31 DEBUG DebugLog:35 - First Name: KEVIN
2016-11-21 20:36:31 DEBUG DebugLog:35 - Last Name:  GARLAND
2016-11-21 20:36:31 DEBUG DebugLog:35 - First Name: CATE
2016-11-21 20:36:31 DEBUG DebugLog:35 - Last Name:  MCQUEEN
2016-11-21 20:36:31 DEBUG DebugLog:35 - First Name: DARYL
2016-11-21 20:36:31 DEBUG DebugLog:35 - Last Name:  CRAWFORD
2016-11-21 20:36:31 DEBUG DebugLog:35 - First Name: GRETA
2016-11-21 20:36:31 DEBUG DebugLog:35 - Last Name:  KEITEL
2016-11-21 20:36:31 DEBUG DebugLog:35 - First Name: JANE
2016-11-21 20:36:31 DEBUG DebugLog:35 - Last Name:  JACKMAN
2016-11-21 20:36:31 DEBUG DebugLog:35 - First Name: ADAM
2016-11-21 20:36:31 DEBUG DebugLog:35 - Last Name:  HOPPER
2016-11-21 20:36:31 DEBUG DebugLog:35 - First Name: RICHARD
2016-11-21 20:36:31 DEBUG DebugLog:35 - Last Name:  PENN
2016-11-21 20:36:31 DEBUG DebugLog:35 - First Name: GENE
2016-11-21 20:36:31 DEBUG DebugLog:35 - Last Name:  HOPKINS
2016-11-21 20:36:31 DEBUG DebugLog:35 - First Name: RITA
2016-11-21 20:36:31 DEBUG DebugLog:35 - Last Name:  REYNOLDS
2016-11-21 20:36:31 DEBUG DebugLog:35 - First Name: ED
2016-11-21 20:36:31 DEBUG DebugLog:35 - Last Name:  MANSFIELD
2016-11-21 20:36:31 DEBUG DebugLog:35 - First Name: MORGAN
2016-11-21 20:36:31 DEBUG DebugLog:35 - Last Name:  WILLIAMS
2016-11-21 20:36:31 DEBUG DebugLog:35 - First Name: LUCILLE
2016-11-21 20:36:31 DEBUG DebugLog:35 - Last Name:  DEE
2016-11-21 20:36:31 DEBUG DebugLog:35 - First Name: EWAN
2016-11-21 20:36:31 DEBUG DebugLog:35 - Last Name:  GOODING
2016-11-21 20:36:31 DEBUG DebugLog:35 - First Name: WHOOPI
2016-11-21 20:36:31 DEBUG DebugLog:35 - Last Name:  HURT
2016-11-21 20:36:31 DEBUG DebugLog:35 - First Name: CATE
2016-11-21 20:36:31 DEBUG DebugLog:35 - Last Name:  HARRIS
2016-11-21 20:36:31 DEBUG DebugLog:35 - First Name: JADA
2016-11-21 20:36:31 DEBUG DebugLog:35 - Last Name:  RYDER
2016-11-21 20:36:31 DEBUG DebugLog:35 - First Name: RIVER
2016-11-21 20:36:31 DEBUG DebugLog:35 - Last Name:  DEAN
2016-11-21 20:36:31 DEBUG DebugLog:35 - First Name: ANGELA
2016-11-21 20:36:31 DEBUG DebugLog:35 - Last Name:  WITHERSPOON
2016-11-21 20:36:31 DEBUG DebugLog:35 - First Name: KIM
2016-11-21 20:36:31 DEBUG DebugLog:35 - Last Name:  ALLEN
2016-11-21 20:36:31 DEBUG DebugLog:35 - First Name: ALBERT
2016-11-21 20:36:31 DEBUG DebugLog:35 - Last Name:  JOHANSSON
2016-11-21 20:36:31 DEBUG DebugLog:35 - First Name: FAY
2016-11-21 20:36:31 DEBUG DebugLog:35 - Last Name:  WINSLET
2016-11-21 20:36:31 DEBUG DebugLog:35 - First Name: EMILY
2016-11-21 20:36:31 DEBUG DebugLog:35 - Last Name:  DEE
2016-11-21 20:36:31 DEBUG DebugLog:35 - First Name: RUSSELL
2016-11-21 20:36:31 DEBUG DebugLog:35 - Last Name:  TEMPLE
2016-11-21 20:36:31 DEBUG DebugLog:35 - First Name: JAYNE
2016-11-21 20:36:31 DEBUG DebugLog:35 - Last Name:  NOLTE
2016-11-21 20:36:31 DEBUG DebugLog:35 - First Name: GEOFFREY
2016-11-21 20:36:31 DEBUG DebugLog:35 - Last Name:  HESTON
2016-11-21 20:36:31 DEBUG DebugLog:35 - First Name: BEN
2016-11-21 20:36:31 DEBUG DebugLog:35 - Last Name:  HARRIS
2016-11-21 20:36:31 DEBUG DebugLog:35 - First Name: MINNIE
2016-11-21 20:36:31 DEBUG DebugLog:35 - Last Name:  KILMER
2016-11-21 20:36:31 DEBUG DebugLog:35 - First Name: MERYL
2016-11-21 20:36:31 DEBUG DebugLog:35 - Last Name:  GIBSON
2016-11-21 20:36:31 DEBUG DebugLog:35 - First Name: IAN
2016-11-21 20:36:31 DEBUG DebugLog:35 - Last Name:  TANDY
2016-11-21 20:36:31 DEBUG DebugLog:35 - First Name: FAY
2016-11-21 20:36:31 DEBUG DebugLog:35 - Last Name:  WOOD
2016-11-21 20:36:31 DEBUG DebugLog:35 - First Name: GRETA
2016-11-21 20:36:31 DEBUG DebugLog:35 - Last Name:  MALDEN
2016-11-21 20:36:31 DEBUG DebugLog:35 - First Name: VIVIEN
2016-11-21 20:36:31 DEBUG DebugLog:35 - Last Name:  BASINGER
2016-11-21 20:36:31 DEBUG DebugLog:35 - First Name: LAURA
2016-11-21 20:36:31 DEBUG DebugLog:35 - Last Name:  BRODY
2016-11-21 20:36:31 DEBUG DebugLog:35 - First Name: CHRIS
2016-11-21 20:36:31 DEBUG DebugLog:35 - Last Name:  DEPP
2016-11-21 20:36:31 DEBUG DebugLog:35 - First Name: HARVEY
2016-11-21 20:36:31 DEBUG DebugLog:35 - Last Name:  HOPE
2016-11-21 20:36:31 DEBUG DebugLog:35 - First Name: OPRAH
2016-11-21 20:36:31 DEBUG DebugLog:35 - Last Name:  KILMER
2016-11-21 20:36:31 DEBUG DebugLog:35 - First Name: CHRISTOPHER
2016-11-21 20:36:31 DEBUG DebugLog:35 - Last Name:  WEST
2016-11-21 20:36:31 DEBUG DebugLog:35 - First Name: HUMPHREY
2016-11-21 20:36:31 DEBUG DebugLog:35 - Last Name:  WILLIS
2016-11-21 20:36:31 DEBUG DebugLog:35 - First Name: AL
2016-11-21 20:36:31 DEBUG DebugLog:35 - Last Name:  GARLAND
2016-11-21 20:36:31 DEBUG DebugLog:35 - First Name: NICK
2016-11-21 20:36:31 DEBUG DebugLog:35 - Last Name:  DEGENERES
2016-11-21 20:36:31 DEBUG DebugLog:35 - First Name: LAURENCE
2016-11-21 20:36:31 DEBUG DebugLog:35 - Last Name:  BULLOCK
2016-11-21 20:36:31 DEBUG DebugLog:35 - First Name: WILL
2016-11-21 20:36:31 DEBUG DebugLog:35 - Last Name:  WILSON
2016-11-21 20:36:31 DEBUG DebugLog:35 - First Name: KENNETH
2016-11-21 20:36:31 DEBUG DebugLog:35 - Last Name:  HOFFMAN
2016-11-21 20:36:31 DEBUG DebugLog:35 - First Name: MENA
2016-11-21 20:36:31 DEBUG DebugLog:35 - Last Name:  HOPPER
2016-11-21 20:36:31 DEBUG DebugLog:35 - First Name: OLYMPIA
2016-11-21 20:36:31 DEBUG DebugLog:35 - Last Name:  PFEIFFER
2016-11-21 20:36:31 DEBUG DebugLog:35 - First Name: GROUCHO
2016-11-21 20:36:31 DEBUG DebugLog:35 - Last Name:  WILLIAMS
2016-11-21 20:36:31 DEBUG DebugLog:35 - First Name: ALAN
2016-11-21 20:36:31 DEBUG DebugLog:35 - Last Name:  DREYFUSS
2016-11-21 20:36:31 DEBUG DebugLog:35 - First Name: MICHAEL
2016-11-21 20:36:31 DEBUG DebugLog:35 - Last Name:  BENING
2016-11-21 20:36:31 DEBUG DebugLog:35 - First Name: WILLIAM
2016-11-21 20:36:31 DEBUG DebugLog:35 - Last Name:  HACKMAN
2016-11-21 20:36:31 DEBUG DebugLog:35 - First Name: JON
2016-11-21 20:36:31 DEBUG DebugLog:35 - Last Name:  CHASE
2016-11-21 20:36:31 DEBUG DebugLog:35 - First Name: GENE
2016-11-21 20:36:31 DEBUG DebugLog:35 - Last Name:  MCKELLEN
2016-11-21 20:36:31 DEBUG DebugLog:35 - First Name: LISA
2016-11-21 20:36:31 DEBUG DebugLog:35 - Last Name:  MONROE
2016-11-21 20:36:31 DEBUG DebugLog:35 - First Name: ED
2016-11-21 20:36:31 DEBUG DebugLog:35 - Last Name:  GUINESS
2016-11-21 20:36:31 DEBUG DebugLog:35 - First Name: JEFF
2016-11-21 20:36:31 DEBUG DebugLog:35 - Last Name:  SILVERSTONE
2016-11-21 20:36:31 DEBUG DebugLog:35 - First Name: MATTHEW
2016-11-21 20:36:31 DEBUG DebugLog:35 - Last Name:  CARREY
2016-11-21 20:36:31 DEBUG DebugLog:35 - First Name: DEBBIE
2016-11-21 20:36:31 DEBUG DebugLog:35 - Last Name:  AKROYD
2016-11-21 20:36:31 DEBUG DebugLog:35 - First Name: RUSSELL
2016-11-21 20:36:31 DEBUG DebugLog:35 - Last Name:  CLOSE
2016-11-21 20:36:31 DEBUG DebugLog:35 - First Name: HUMPHREY
2016-11-21 20:36:31 DEBUG DebugLog:35 - Last Name:  GARLAND
2016-11-21 20:36:31 DEBUG DebugLog:35 - First Name: MICHAEL
2016-11-21 20:36:31 DEBUG DebugLog:35 - Last Name:  BOLGER
2016-11-21 20:36:31 DEBUG DebugLog:35 - First Name: JULIA
2016-11-21 20:36:31 DEBUG DebugLog:35 - Last Name:  ZELLWEGER
2016-11-21 20:36:31 DEBUG DebugLog:35 - First Name: RENEE
2016-11-21 20:36:31 DEBUG DebugLog:35 - Last Name:  BALL
2016-11-21 20:36:31 DEBUG DebugLog:35 - First Name: ROCK
2016-11-21 20:36:31 DEBUG DebugLog:35 - Last Name:  DUKAKIS
2016-11-21 20:36:31 DEBUG DebugLog:35 - First Name: CUBA
2016-11-21 20:36:31 DEBUG DebugLog:35 - Last Name:  BIRCH
2016-11-21 20:36:31 DEBUG DebugLog:35 - First Name: AUDREY
2016-11-21 20:36:31 DEBUG DebugLog:35 - Last Name:  BAILEY
2016-11-21 20:36:31 DEBUG DebugLog:35 - First Name: GREGORY
2016-11-21 20:36:31 DEBUG DebugLog:35 - Last Name:  GOODING
2016-11-21 20:36:31 DEBUG DebugLog:35 - First Name: JOHN
2016-11-21 20:36:31 DEBUG DebugLog:35 - Last Name:  SUVARI
2016-11-21 20:36:31 DEBUG DebugLog:35 - First Name: BURT
2016-11-21 20:36:31 DEBUG DebugLog:35 - Last Name:  TEMPLE
2016-11-21 20:36:31 DEBUG DebugLog:35 - First Name: MERYL
2016-11-21 20:36:31 DEBUG DebugLog:35 - Last Name:  ALLEN
2016-11-21 20:36:31 DEBUG DebugLog:35 - First Name: JAYNE
2016-11-21 20:36:31 DEBUG DebugLog:35 - Last Name:  SILVERSTONE
2016-11-21 20:36:31 DEBUG DebugLog:35 - First Name: BELA
2016-11-21 20:36:31 DEBUG DebugLog:35 - Last Name:  WALKEN
2016-11-21 20:36:31 DEBUG DebugLog:35 - First Name: REESE
2016-11-21 20:36:31 DEBUG DebugLog:35 - Last Name:  WEST
2016-11-21 20:36:31 DEBUG DebugLog:35 - First Name: MARY
2016-11-21 20:36:31 DEBUG DebugLog:35 - Last Name:  KEITEL
2016-11-21 20:36:31 DEBUG DebugLog:35 - First Name: JULIA
2016-11-21 20:36:31 DEBUG DebugLog:35 - Last Name:  FAWCETT
2016-11-21 20:36:31 DEBUG DebugLog:35 - First Name: THORA
2016-11-21 20:36:31 DEBUG DebugLog:35 - Last Name:  TEMPLE
2016-11-21 20:36:31 DEBUG DebugLog:35 - First Name: Zara
2016-11-21 20:36:31 DEBUG DebugLog:35 - Last Name:  Ali
2016-11-21 20:36:31 DEBUG DebugLog:35 - First Name: John
2016-11-21 20:36:31 DEBUG DebugLog:35 - Last Name:  Paul
2016-11-21 20:36:31 DEBUG DebugLog:35 - Test logger
2016-11-21 20:36:31 DEBUG DebugLog:35 - <?xml version="1.0" encoding="UTF-8"?>
<actor xmlns:xsi="http://www.w3.org/2001/XMLSchema-instance" xsi:noNamespaceSchemaLocation="../xsd/actor.xsd">
  <actor_id>1</actor_id>
  <first_name>ANDREY</first_name>
  <last_name>AVGUSTIS</last_name>
  <deleteYN>N</deleteYN>
</actor>

